commit 64512f1e1d039646a936e7e564d9494175d02ce4
Author: Shahid <shahidshaik.0717@gmail.com>
Date:   Thu Jan 11 10:26:44 2024 +0530

    Adding start text file

commit 9f8490d33b584184c2e0d7457090fbe95710468f
Author: Shahids07 <155886361+Shahids07@users.noreply.github.com>
Date:   Sun Jan 7 16:55:56 2024 +0530

    Update README.md

commit 4dd2730eddf4476f422c27eae443168ef30e76d9
Author: Shahids07 <155886361+Shahids07@users.noreply.github.com>
Date:   Sun Jan 7 16:55:28 2024 +0530

    Update README.md

commit 40181ad6ec8daca7be92ec5cfa31ed0dd9614660
Author: Shahids07 <155886361+Shahids07@users.noreply.github.com>
Date:   Sun Jan 7 16:54:40 2024 +0530

    Update README.md

commit f86bfa09e1656b97bb11759970d230dd3063f949
Author: Shahids07 <155886361+Shahids07@users.noreply.github.com>
Date:   Sun Jan 7 16:50:29 2024 +0530

    Initial commit
